info: Sep-07-2021 01:15:01: 	Starting server at port 5k
info: Sep-07-2021 01:15:01: 	connected to database
error: Sep-07-2021 01:15:11: 	error is not defined
info: Sep-07-2021 01:16:19: 	Starting server at port 5k
info: Sep-07-2021 01:16:19: 	connected to database
error: Sep-07-2021 01:16:24: 	error is not defined
info: Sep-07-2021 01:19:21: 	Starting server at port 5k
info: Sep-07-2021 01:19:21: 	connected to database
error: Sep-07-2021 01:19:32: 	error is not defined
info: Sep-07-2021 01:20:11: 	Starting server at port 5k
info: Sep-07-2021 01:20:11: 	connected to database
error: Sep-07-2021 01:20:15: 	error is not defined
info: Sep-07-2021 01:21:19: 	Starting server at port 5k
info: Sep-07-2021 01:21:19: 	connected to database
info: Sep-07-2021 01:21:31: 	Starting server at port 5k
info: Sep-07-2021 01:21:32: 	connected to database
error: Sep-07-2021 01:21:35: 	Cannot read property '0' of undefined
info: Sep-07-2021 01:22:32: 	Starting server at port 5k
info: Sep-07-2021 01:22:32: 	connected to database
error: Sep-07-2021 01:22:43: 	Cannot read property '0' of undefined
info: Sep-07-2021 01:23:14: 	Starting server at port 5k
info: Sep-07-2021 01:23:14: 	connected to database
info: Sep-07-2021 01:23:24: 	password reset
info: Sep-07-2021 01:30:35: 	password reset
info: Sep-07-2021 01:32:48: 	Starting server at port 5k
info: Sep-07-2021 01:32:48: 	connected to database
info: Sep-07-2021 01:32:59: 	password reset
info: Sep-07-2021 01:33:56: 	Starting server at port 5k
info: Sep-07-2021 01:33:56: 	connected to database
info: Sep-07-2021 01:35:24: 	Starting server at port 5k
info: Sep-07-2021 01:35:24: 	connected to database
info: Sep-07-2021 01:35:59: 	Starting server at port 5k
info: Sep-07-2021 01:35:59: 	connected to database
info: Sep-07-2021 01:36:22: 	Starting server at port 5k
info: Sep-07-2021 01:36:22: 	connected to database
info: Sep-07-2021 01:36:37: 	Starting server at port 5k
info: Sep-07-2021 01:36:37: 	connected to database
info: Sep-07-2021 01:37:21: 	Starting server at port 5k
info: Sep-07-2021 01:37:21: 	connected to database
info: Sep-07-2021 01:38:45: 	Starting server at port 5k
info: Sep-07-2021 01:38:45: 	connected to database
info: Sep-07-2021 01:39:18: 	Starting server at port 5k
info: Sep-07-2021 01:39:18: 	connected to database
info: Sep-07-2021 01:39:58: 	Starting server at port 5k
info: Sep-07-2021 01:39:59: 	connected to database
info: Sep-07-2021 01:40:07: 	Starting server at port 5k
info: Sep-07-2021 01:40:07: 	connected to database
info: Sep-07-2021 01:40:55: 	Starting server at port 5k
info: Sep-07-2021 01:40:55: 	connected to database
info: Sep-07-2021 01:42:17: 	Starting server at port 5k
info: Sep-07-2021 01:42:17: 	connected to database
info: Sep-07-2021 01:45:20: 	Starting server at port 5k
info: Sep-07-2021 01:45:20: 	connected to database
info: Sep-07-2021 01:57:12: 	Starting server at port 5k
info: Sep-07-2021 01:57:12: 	connected to database
info: Sep-07-2021 01:59:37: 	Starting server at port 5k
info: Sep-07-2021 01:59:37: 	connected to database
info: Sep-07-2021 02:01:35: 	Starting server at port 5k
info: Sep-07-2021 02:01:35: 	connected to database
info: Sep-07-2021 02:02:02: 	Starting server at port 5k
info: Sep-07-2021 02:02:02: 	connected to database
info: Sep-07-2021 02:02:34: 	Starting server at port 5k
info: Sep-07-2021 02:02:34: 	connected to database
info: Sep-07-2021 02:03:26: 	Starting server at port 5k
info: Sep-07-2021 02:03:26: 	connected to database
info: Sep-07-2021 02:03:33: 	Starting server at port 5k
info: Sep-07-2021 02:03:33: 	connected to database
info: Sep-07-2021 02:04:29: 	Starting server at port 5k
info: Sep-07-2021 02:04:29: 	connected to database
info: Sep-07-2021 02:05:02: 	Starting server at port 5k
info: Sep-07-2021 02:05:02: 	connected to database
info: Sep-07-2021 02:05:46: 	Starting server at port 5k
info: Sep-07-2021 02:05:46: 	connected to database
info: Sep-07-2021 02:06:14: 	Starting server at port 5k
info: Sep-07-2021 02:06:14: 	connected to database
info: Sep-07-2021 02:06:26: 	Starting server at port 5k
info: Sep-07-2021 02:06:26: 	connected to database
info: Sep-07-2021 02:06:56: 	Starting server at port 5k
info: Sep-07-2021 02:06:56: 	connected to database
info: Sep-07-2021 02:07:04: 	Starting server at port 5k
info: Sep-07-2021 02:07:04: 	connected to database
info: Sep-07-2021 02:07:18: 	Starting server at port 5k
info: Sep-07-2021 02:07:18: 	connected to database
info: Sep-07-2021 02:07:32: 	Starting server at port 5k
info: Sep-07-2021 02:07:32: 	connected to database
info: Sep-07-2021 02:08:43: 	Starting server at port 5k
info: Sep-07-2021 02:08:43: 	connected to database
info: Sep-07-2021 02:08:48: 	Starting server at port 5k
info: Sep-07-2021 02:08:48: 	connected to database
info: Sep-07-2021 18:31:34: 	Starting server at port 5k
info: Sep-07-2021 18:31:37: 	connected to database
info: Sep-07-2021 18:36:43: 	Starting server at port 5k
info: Sep-07-2021 18:36:43: 	connected to database
info: Sep-07-2021 18:46:02: 	password reset
info: Sep-07-2021 18:47:04: 	Starting server at port 5k
info: Sep-07-2021 18:47:04: 	connected to database
info: Sep-07-2021 18:47:22: 	Starting server at port 5k
info: Sep-07-2021 18:47:22: 	connected to database
info: Sep-07-2021 18:47:31: 	password reset
info: Sep-07-2021 18:50:48: 	Starting server at port 5k
info: Sep-07-2021 18:50:48: 	connected to database
info: Sep-07-2021 18:51:26: 	Starting server at port 5k
info: Sep-07-2021 18:51:26: 	connected to database
info: Sep-07-2021 18:51:54: 	Starting server at port 5k
info: Sep-07-2021 18:51:54: 	connected to database
info: Sep-07-2021 19:04:56: 	Starting server at port 5k
info: Sep-07-2021 19:04:56: 	connected to database
info: Sep-07-2021 19:05:10: 	Starting server at port 5k
info: Sep-07-2021 19:05:10: 	connected to database
info: Sep-07-2021 19:08:23: 	Starting server at port 5k
info: Sep-07-2021 19:08:23: 	connected to database
info: Sep-07-2021 19:10:36: 	Starting server at port 5k
info: Sep-07-2021 19:10:36: 	connected to database
info: Sep-07-2021 19:10:57: 	Starting server at port 5k
info: Sep-07-2021 19:10:57: 	connected to database
info: Sep-07-2021 19:14:10: 	Starting server at port 5k
info: Sep-07-2021 19:14:10: 	connected to database
info: Sep-07-2021 19:14:47: 	Starting server at port 5k
info: Sep-07-2021 19:14:47: 	connected to database
info: Sep-07-2021 19:15:43: 	Starting server at port 5k
info: Sep-07-2021 19:15:43: 	connected to database
info: Sep-07-2021 19:16:03: 	Starting server at port 5k
info: Sep-07-2021 19:16:03: 	connected to database
info: Sep-07-2021 19:16:15: 	Starting server at port 5k
info: Sep-07-2021 19:16:15: 	connected to database
info: Sep-07-2021 19:16:25: 	Starting server at port 5k
info: Sep-07-2021 19:16:25: 	connected to database
info: Sep-07-2021 19:22:04: 	Starting server at port 5k
info: Sep-07-2021 19:22:04: 	connected to database
info: Sep-07-2021 19:22:13: 	Starting server at port 5k
info: Sep-07-2021 19:22:13: 	connected to database
info: Sep-07-2021 19:24:25: 	Starting server at port 5k
info: Sep-07-2021 19:24:25: 	connected to database
info: Sep-07-2021 19:26:41: 	Starting server at port 5k
info: Sep-07-2021 19:26:41: 	connected to database
info: Sep-07-2021 19:30:46: 	Starting server at port 5k
info: Sep-07-2021 19:30:46: 	connected to database
info: Sep-07-2021 19:31:29: 	Starting server at port 5k
info: Sep-07-2021 19:31:29: 	connected to database
info: Sep-07-2021 19:34:53: 	password reset
info: Sep-07-2021 19:35:43: 	Starting server at port 5k
info: Sep-07-2021 19:35:43: 	connected to database
info: Sep-07-2021 19:36:16: 	password reset
info: Sep-07-2021 19:36:48: 	Starting server at port 5k
info: Sep-07-2021 19:36:48: 	connected to database
info: Sep-07-2021 19:37:33: 	password reset
info: Sep-07-2021 19:45:01: 	Starting server at port 5k
info: Sep-07-2021 19:45:01: 	connected to database
info: Sep-07-2021 19:45:08: 	Starting server at port 5k
info: Sep-07-2021 19:45:09: 	connected to database
info: Sep-07-2021 19:45:17: 	password reset
info: Sep-07-2021 19:58:40: 	Starting server at port 5k
info: Sep-07-2021 19:58:40: 	connected to database
info: Sep-07-2021 20:00:01: 	Starting server at port 5k
info: Sep-07-2021 20:00:01: 	connected to database
info: Sep-07-2021 20:01:20: 	password reset
info: Sep-07-2021 20:02:35: 	Starting server at port 5k
info: Sep-07-2021 20:02:35: 	connected to database
info: Sep-07-2021 20:02:54: 	password reset
info: Sep-07-2021 20:21:46: 	Starting server at port 5k
info: Sep-07-2021 20:21:46: 	connected to database
info: Sep-07-2021 20:22:01: 	password reset
info: Sep-07-2021 20:50:51: 	Starting server at port 5k
info: Sep-07-2021 20:50:51: 	connected to database
info: Sep-07-2021 20:51:13: 	password reset
info: Sep-07-2021 20:54:29: 	Starting server at port 5k
info: Sep-07-2021 20:54:29: 	connected to database
info: Sep-07-2021 20:57:45: 	Starting server at port 5k
info: Sep-07-2021 20:57:45: 	connected to database
info: Sep-07-2021 20:59:18: 	Starting server at port 5k
info: Sep-07-2021 20:59:18: 	connected to database
info: Sep-07-2021 21:00:45: 	Starting server at port 5k
info: Sep-07-2021 21:00:45: 	connected to database
info: Sep-07-2021 21:00:59: 	Starting server at port 5k
info: Sep-07-2021 21:00:59: 	connected to database
info: Sep-07-2021 21:03:21: 	Starting server at port 5k
info: Sep-07-2021 21:03:21: 	connected to database
info: Sep-07-2021 21:04:41: 	Starting server at port 5k
info: Sep-07-2021 21:04:41: 	connected to database
info: Sep-07-2021 21:05:19: 	Starting server at port 5k
info: Sep-07-2021 21:05:19: 	connected to database
info: Sep-07-2021 21:07:00: 	Starting server at port 5k
info: Sep-07-2021 21:07:00: 	connected to database
info: Sep-07-2021 21:08:00: 	Starting server at port 5k
info: Sep-07-2021 21:08:00: 	connected to database
info: Sep-07-2021 21:08:54: 	Starting server at port 5k
info: Sep-07-2021 21:08:54: 	connected to database
info: Sep-07-2021 21:09:38: 	Starting server at port 5k
info: Sep-07-2021 21:09:38: 	connected to database
info: Sep-07-2021 21:10:05: 	Starting server at port 5k
info: Sep-07-2021 21:10:05: 	connected to database
info: Sep-07-2021 21:10:29: 	Starting server at port 5k
info: Sep-07-2021 21:10:29: 	connected to database
info: Sep-07-2021 21:11:08: 	Starting server at port 5k
info: Sep-07-2021 21:11:08: 	connected to database
info: Sep-07-2021 21:12:28: 	Starting server at port 5k
info: Sep-07-2021 21:12:28: 	connected to database
info: Sep-07-2021 21:12:46: 	Starting server at port 5k
info: Sep-07-2021 21:12:46: 	connected to database
info: Sep-07-2021 21:13:19: 	Starting server at port 5k
info: Sep-07-2021 21:13:19: 	connected to database
info: Sep-07-2021 21:13:45: 	password reset
info: Sep-07-2021 21:14:49: 	Starting server at port 5k
info: Sep-07-2021 21:14:49: 	connected to database
info: Sep-07-2021 21:15:01: 	password reset
info: Sep-07-2021 22:57:33: 	Starting server at port 5k
info: Sep-07-2021 22:57:33: 	connected to database
info: Sep-07-2021 22:58:38: 	Starting server at port 5k
info: Sep-07-2021 22:58:38: 	connected to database
info: Sep-07-2021 22:58:56: 	Starting server at port 5k
info: Sep-07-2021 22:58:56: 	connected to database
info: Sep-07-2021 23:04:38: 	Starting server at port 5k
info: Sep-07-2021 23:04:38: 	connected to database
info: Sep-07-2021 23:08:46: 	Starting server at port 5k
info: Sep-07-2021 23:08:46: 	connected to database
info: Sep-07-2021 23:10:07: 	Starting server at port 5k
info: Sep-07-2021 23:10:07: 	connected to database
info: Sep-07-2021 23:11:10: 	Starting server at port 5k
info: Sep-07-2021 23:11:11: 	connected to database
info: Sep-07-2021 23:19:07: 	Starting server at port 5k
info: Sep-07-2021 23:19:07: 	connected to database
info: Sep-07-2021 23:34:28: 	Starting server at port 5k
info: Sep-07-2021 23:34:28: 	connected to database
info: Sep-07-2021 23:41:08: 	Starting server at port 5k
info: Sep-07-2021 23:41:08: 	connected to database
info: Sep-07-2021 23:47:02: 	Starting server at port 5k
info: Sep-07-2021 23:47:02: 	connected to database
info: Sep-07-2021 23:51:16: 	password reset
info: Sep-08-2021 00:01:29: 	Starting server at port 5k
info: Sep-08-2021 00:01:30: 	connected to database
info: Sep-08-2021 00:03:01: 	Starting server at port 5k
info: Sep-08-2021 00:03:01: 	connected to database
info: Sep-08-2021 00:04:30: 	Starting server at port 5k
info: Sep-08-2021 00:04:30: 	connected to database
info: Sep-08-2021 00:04:48: 	Starting server at port 5k
info: Sep-08-2021 00:04:49: 	connected to database
info: Sep-08-2021 00:05:37: 	Starting server at port 5k
info: Sep-08-2021 00:05:37: 	connected to database
info: Sep-08-2021 00:07:20: 	Starting server at port 5k
info: Sep-08-2021 00:07:20: 	connected to database
info: Sep-08-2021 00:07:36: 	Starting server at port 5k
info: Sep-08-2021 00:07:36: 	connected to database
info: Sep-08-2021 00:08:29: 	Starting server at port 5k
info: Sep-08-2021 00:08:29: 	connected to database
info: Sep-08-2021 00:09:14: 	Starting server at port 5k
info: Sep-08-2021 00:09:14: 	connected to database
info: Sep-08-2021 00:14:08: 	Starting server at port 5k
info: Sep-08-2021 00:14:08: 	connected to database
info: Sep-08-2021 00:14:46: 	login succeed
info: Sep-08-2021 00:18:14: 	Starting server at port 5k
info: Sep-08-2021 00:18:14: 	connected to database
info: Sep-08-2021 00:19:09: 	Starting server at port 5k
info: Sep-08-2021 00:19:09: 	connected to database
info: Sep-08-2021 00:19:28: 	Starting server at port 5k
info: Sep-08-2021 00:19:28: 	connected to database
info: Sep-08-2021 00:22:32: 	login succeed
info: Sep-08-2021 00:24:40: 	Starting server at port 5k
info: Sep-08-2021 00:24:41: 	connected to database
info: Sep-08-2021 00:25:40: 	Starting server at port 5k
info: Sep-08-2021 00:25:40: 	connected to database
info: Sep-08-2021 00:28:58: 	Starting server at port 5k
info: Sep-08-2021 00:28:58: 	connected to database
info: Sep-08-2021 00:34:58: 	Starting server at port 5k
info: Sep-08-2021 00:34:58: 	connected to database
info: Sep-08-2021 00:36:08: 	Starting server at port 5k
info: Sep-08-2021 00:36:08: 	connected to database
info: Sep-08-2021 00:36:22: 	Starting server at port 5k
info: Sep-08-2021 00:36:22: 	connected to database
info: Sep-08-2021 00:37:28: 	Starting server at port 5k
info: Sep-08-2021 00:37:28: 	connected to database
info: Sep-08-2021 00:46:05: 	Starting server at port 5k
info: Sep-08-2021 00:46:05: 	connected to database
info: Sep-08-2021 00:46:41: 	Starting server at port 5k
info: Sep-08-2021 00:46:41: 	connected to database
info: Sep-08-2021 01:01:54: 	Starting server at port 5k
info: Sep-08-2021 01:01:54: 	connected to database
info: Sep-08-2021 01:02:26: 	Starting server at port 5k
info: Sep-08-2021 01:02:26: 	connected to database
info: Sep-08-2021 01:10:15: 	Starting server at port 5k
info: Sep-08-2021 01:10:15: 	connected to database
info: Sep-08-2021 01:10:46: 	Starting server at port 5k
info: Sep-08-2021 01:10:46: 	connected to database
info: Sep-08-2021 01:11:36: 	Starting server at port 5k
info: Sep-08-2021 01:11:36: 	connected to database
info: Sep-08-2021 01:11:46: 	Starting server at port 5k
info: Sep-08-2021 01:11:46: 	connected to database
info: Sep-08-2021 01:12:26: 	Starting server at port 5k
info: Sep-08-2021 01:12:26: 	connected to database
info: Sep-08-2021 01:12:49: 	Starting server at port 5k
info: Sep-08-2021 01:12:49: 	connected to database
info: Sep-08-2021 01:12:57: 	Starting server at port 5k
info: Sep-08-2021 01:12:57: 	connected to database
info: Sep-08-2021 01:13:09: 	Starting server at port 5k
info: Sep-08-2021 01:13:09: 	connected to database
info: Sep-08-2021 01:13:38: 	Starting server at port 5k
info: Sep-08-2021 01:13:38: 	connected to database
info: Sep-08-2021 01:14:03: 	Starting server at port 5k
info: Sep-08-2021 01:14:03: 	connected to database
info: Sep-08-2021 01:15:09: 	Starting server at port 5k
info: Sep-08-2021 01:15:09: 	connected to database
info: Sep-08-2021 01:15:34: 	Starting server at port 5k
info: Sep-08-2021 01:15:34: 	connected to database
info: Sep-08-2021 14:10:09: 	Starting server at port 5k
info: Sep-08-2021 14:10:13: 	connected to database
info: Sep-08-2021 14:18:55: 	Starting server at port 5k
info: Sep-08-2021 14:18:55: 	connected to database
info: Sep-08-2021 14:22:59: 	Starting server at port 5k
info: Sep-08-2021 14:22:59: 	connected to database
info: Sep-08-2021 14:31:29: 	Starting server at port 5k
info: Sep-08-2021 14:31:29: 	connected to database
info: Sep-08-2021 14:35:31: 	Starting server at port 5k
info: Sep-08-2021 14:35:32: 	connected to database
info: Sep-08-2021 14:37:29: 	Starting server at port 5k
info: Sep-08-2021 14:37:29: 	connected to database
info: Sep-08-2021 14:39:45: 	Starting server at port 5k
info: Sep-08-2021 14:39:45: 	connected to database
info: Sep-08-2021 14:42:05: 	Starting server at port 5k
info: Sep-08-2021 14:42:05: 	connected to database
info: Sep-08-2021 14:46:38: 	Starting server at port 5k
info: Sep-08-2021 14:46:38: 	connected to database
info: Sep-08-2021 14:48:22: 	Starting server at port 5k
info: Sep-08-2021 14:48:22: 	connected to database
info: Sep-08-2021 14:48:59: 	Starting server at port 5k
info: Sep-08-2021 14:49:00: 	connected to database
info: Sep-08-2021 14:49:47: 	Starting server at port 5k
info: Sep-08-2021 14:49:47: 	connected to database
info: Sep-08-2021 14:50:15: 	Starting server at port 5k
info: Sep-08-2021 14:50:16: 	connected to database
info: Sep-08-2021 14:50:19: 	Starting server at port 5k
info: Sep-08-2021 14:50:19: 	connected to database
info: Sep-08-2021 14:56:42: 	Starting server at port 5k
info: Sep-08-2021 14:56:42: 	connected to database
info: Sep-08-2021 14:57:10: 	Starting server at port 5k
info: Sep-08-2021 14:57:10: 	connected to database
info: Sep-08-2021 14:57:29: 	Starting server at port 5k
info: Sep-08-2021 14:57:29: 	connected to database
info: Sep-08-2021 14:58:37: 	Starting server at port 5k
info: Sep-08-2021 14:58:37: 	connected to database
info: Sep-08-2021 14:59:09: 	Starting server at port 5k
info: Sep-08-2021 14:59:10: 	connected to database
info: Sep-08-2021 15:01:27: 	Starting server at port 5k
info: Sep-08-2021 15:01:27: 	connected to database
info: Sep-08-2021 15:02:09: 	Starting server at port 5k
info: Sep-08-2021 15:02:09: 	connected to database
info: Sep-08-2021 15:02:27: 	Starting server at port 5k
info: Sep-08-2021 15:02:27: 	connected to database
info: Sep-08-2021 15:03:07: 	Starting server at port 5k
info: Sep-08-2021 15:03:07: 	connected to database
info: Sep-08-2021 15:07:19: 	Starting server at port 5k
info: Sep-08-2021 15:07:19: 	connected to database
info: Sep-08-2021 15:10:42: 	Starting server at port 5k
info: Sep-08-2021 15:10:42: 	connected to database
info: Sep-08-2021 15:11:19: 	Starting server at port 5k
info: Sep-08-2021 15:11:19: 	connected to database
info: Sep-08-2021 15:13:47: 	Starting server at port 5k
info: Sep-08-2021 15:13:47: 	connected to database
info: Sep-08-2021 15:17:12: 	Starting server at port 5k
info: Sep-08-2021 15:17:13: 	connected to database
info: Sep-08-2021 15:17:45: 	Starting server at port 5k
info: Sep-08-2021 15:17:45: 	connected to database
info: Sep-08-2021 15:18:31: 	Starting server at port 5k
info: Sep-08-2021 15:18:31: 	connected to database
info: Sep-08-2021 15:22:05: 	Starting server at port 5k
info: Sep-08-2021 15:22:05: 	connected to database
info: Sep-08-2021 15:22:37: 	Starting server at port 5k
info: Sep-08-2021 15:22:37: 	connected to database
info: Sep-08-2021 15:22:54: 	Starting server at port 5k
info: Sep-08-2021 15:22:54: 	connected to database
info: Sep-08-2021 15:24:50: 	Starting server at port 5k
info: Sep-08-2021 15:24:50: 	connected to database
info: Sep-08-2021 15:27:37: 	Starting server at port 5k
info: Sep-08-2021 15:27:37: 	connected to database
info: Sep-08-2021 15:29:38: 	Starting server at port 5k
info: Sep-08-2021 15:29:38: 	connected to database
info: Sep-08-2021 15:29:48: 	Starting server at port 5k
info: Sep-08-2021 15:29:48: 	connected to database
info: Sep-08-2021 15:34:24: 	Starting server at port 5k
info: Sep-08-2021 15:34:25: 	connected to database
info: Sep-08-2021 15:36:51: 	Starting server at port 5k
info: Sep-08-2021 15:36:51: 	connected to database
info: Sep-08-2021 15:37:34: 	Starting server at port 5k
info: Sep-08-2021 15:37:34: 	connected to database
info: Sep-08-2021 15:38:04: 	Starting server at port 5k
info: Sep-08-2021 15:38:04: 	connected to database
info: Sep-08-2021 15:38:41: 	Starting server at port 5k
info: Sep-08-2021 15:38:41: 	connected to database
info: Sep-08-2021 15:41:08: 	Starting server at port 5k
info: Sep-08-2021 15:41:08: 	connected to database
info: Sep-08-2021 15:45:18: 	Starting server at port 5k
info: Sep-08-2021 15:45:18: 	connected to database
info: Sep-08-2021 15:46:26: 	Starting server at port 5k
info: Sep-08-2021 15:46:26: 	connected to database
info: Sep-08-2021 15:46:59: 	Starting server at port 5k
info: Sep-08-2021 15:46:59: 	connected to database
info: Sep-08-2021 15:47:32: 	Starting server at port 5k
info: Sep-08-2021 15:47:32: 	connected to database
info: Sep-08-2021 15:49:00: 	Starting server at port 5k
info: Sep-08-2021 15:49:00: 	connected to database
info: Sep-08-2021 15:49:32: 	Starting server at port 5k
info: Sep-08-2021 15:49:32: 	connected to database
info: Sep-08-2021 15:51:09: 	Starting server at port 5k
info: Sep-08-2021 15:51:09: 	connected to database
info: Sep-08-2021 15:51:33: 	Starting server at port 5k
info: Sep-08-2021 15:51:33: 	connected to database
info: Sep-08-2021 15:59:20: 	Starting server at port 5k
info: Sep-08-2021 15:59:20: 	connected to database
info: Sep-08-2021 15:59:31: 	Starting server at port 5k
info: Sep-08-2021 15:59:31: 	connected to database
info: Sep-08-2021 15:59:44: 	Starting server at port 5k
info: Sep-08-2021 15:59:44: 	connected to database
info: Sep-08-2021 16:00:03: 	Starting server at port 5k
info: Sep-08-2021 16:00:03: 	connected to database
info: Sep-08-2021 16:03:35: 	Starting server at port 5k
info: Sep-08-2021 16:03:35: 	connected to database
info: Sep-08-2021 16:04:41: 	Starting server at port 5k
info: Sep-08-2021 16:04:41: 	connected to database
info: Sep-08-2021 16:05:19: 	Starting server at port 5k
info: Sep-08-2021 16:05:19: 	connected to database
info: Sep-08-2021 16:06:32: 	Starting server at port 5k
info: Sep-08-2021 16:06:32: 	connected to database
info: Sep-08-2021 21:37:24: 	Starting server at port 5k
info: Sep-08-2021 21:37:25: 	connected to database
info: Sep-08-2021 21:46:03: 	Starting server at port 5k
info: Sep-08-2021 21:46:03: 	connected to database
info: Sep-08-2021 21:46:38: 	Starting server at port 5k
info: Sep-08-2021 21:46:39: 	connected to database
info: Sep-08-2021 21:52:41: 	Starting server at port 5k
info: Sep-08-2021 21:52:41: 	connected to database
info: Sep-08-2021 21:54:00: 	Starting server at port 5k
info: Sep-08-2021 21:54:00: 	connected to database
info: Sep-08-2021 21:54:09: 	Starting server at port 5k
info: Sep-08-2021 21:54:09: 	connected to database
info: Sep-08-2021 21:57:10: 	Starting server at port 5k
info: Sep-08-2021 21:57:10: 	connected to database
info: Sep-08-2021 21:59:44: 	Starting server at port 5k
info: Sep-08-2021 21:59:44: 	connected to database
info: Sep-08-2021 22:00:38: 	Starting server at port 5k
info: Sep-08-2021 22:00:38: 	connected to database
info: Sep-08-2021 22:02:35: 	Starting server at port 5k
info: Sep-08-2021 22:02:35: 	connected to database
info: Sep-08-2021 22:03:22: 	Starting server at port 5k
info: Sep-08-2021 22:03:22: 	connected to database
info: Sep-08-2021 22:12:11: 	Starting server at port 5k
info: Sep-08-2021 22:12:11: 	connected to database
info: Sep-08-2021 22:13:39: 	Starting server at port 5k
info: Sep-08-2021 22:13:39: 	connected to database
info: Sep-08-2021 22:25:15: 	Starting server at port 5k
info: Sep-08-2021 22:25:15: 	connected to database
info: Sep-08-2021 22:38:32: 	Starting server at port 5k
info: Sep-08-2021 22:38:32: 	connected to database
info: Sep-09-2021 16:22:20: 	Starting server at port 5k
info: Sep-09-2021 16:22:22: 	connected to database
info: Sep-09-2021 16:22:30: 	login succeed
info: Sep-09-2021 16:34:44: 	Starting server at port 5k
info: Sep-09-2021 16:34:44: 	connected to database
info: Sep-09-2021 16:35:43: 	Starting server at port 5k
info: Sep-09-2021 16:35:43: 	connected to database
info: Sep-09-2021 16:43:48: 	Starting server at port 5k
info: Sep-09-2021 16:43:48: 	connected to database
info: Sep-09-2021 17:04:25: 	Starting server at port 5k
info: Sep-09-2021 17:04:25: 	connected to database
info: Sep-09-2021 17:06:41: 	Starting server at port 5k
info: Sep-09-2021 17:06:41: 	connected to database
info: Sep-09-2021 17:09:34: 	login succeed
info: Sep-09-2021 17:13:32: 	Starting server at port 5k
info: Sep-09-2021 17:13:32: 	connected to database
info: Sep-09-2021 17:20:20: 	Starting server at port 5k
info: Sep-09-2021 17:20:20: 	connected to database
info: Sep-09-2021 17:21:05: 	Starting server at port 5k
info: Sep-09-2021 17:21:05: 	connected to database
info: Sep-09-2021 17:29:42: 	Starting server at port 5k
info: Sep-09-2021 17:29:42: 	connected to database
info: Sep-09-2021 17:30:04: 	Starting server at port 5k
info: Sep-09-2021 17:30:04: 	connected to database
info: Sep-09-2021 17:38:17: 	Starting server at port 5k
info: Sep-09-2021 17:38:17: 	connected to database
info: Sep-09-2021 17:39:30: 	Starting server at port 5k
info: Sep-09-2021 17:39:30: 	connected to database
info: Sep-09-2021 17:41:33: 	Starting server at port 5k
info: Sep-09-2021 17:41:33: 	connected to database
info: Sep-09-2021 17:42:17: 	Starting server at port 5k
info: Sep-09-2021 17:42:17: 	connected to database
info: Sep-09-2021 17:43:51: 	Starting server at port 5k
info: Sep-09-2021 17:43:51: 	connected to database
info: Sep-09-2021 17:47:09: 	Starting server at port 5k
info: Sep-09-2021 17:47:09: 	connected to database
info: Sep-09-2021 17:50:33: 	Starting server at port 5k
info: Sep-09-2021 17:50:33: 	connected to database
info: Sep-09-2021 17:52:14: 	login succeed
info: Sep-09-2021 18:30:32: 	Starting server at port 5k
info: Sep-09-2021 18:30:33: 	connected to database
info: Sep-09-2021 19:19:23: 	Starting server at port 5k
info: Sep-09-2021 19:19:23: 	connected to database
info: Sep-09-2021 19:21:52: 	Starting server at port 5k
info: Sep-09-2021 19:21:52: 	connected to database
info: Sep-09-2021 19:58:51: 	Starting server at port 5k
info: Sep-09-2021 19:58:52: 	connected to database
info: Sep-09-2021 20:01:10: 	Starting server at port 5k
info: Sep-09-2021 20:01:10: 	connected to database
info: Sep-09-2021 20:16:00: 	Starting server at port 5k
info: Sep-09-2021 20:16:00: 	connected to database
info: Sep-09-2021 20:16:50: 	Starting server at port 5k
info: Sep-09-2021 20:16:50: 	connected to database
info: Sep-09-2021 20:20:12: 	Starting server at port 5k
info: Sep-09-2021 20:20:12: 	connected to database
info: Sep-09-2021 20:20:41: 	Starting server at port 5k
info: Sep-09-2021 20:20:41: 	connected to database
info: Sep-09-2021 20:22:02: 	Starting server at port 5k
info: Sep-09-2021 20:22:02: 	connected to database
info: Sep-09-2021 20:22:24: 	Starting server at port 5k
info: Sep-09-2021 20:22:24: 	connected to database
info: Sep-09-2021 20:22:35: 	Starting server at port 5k
info: Sep-09-2021 20:22:35: 	connected to database
info: Sep-09-2021 20:36:14: 	Starting server at port 5k
info: Sep-09-2021 20:36:14: 	connected to database
info: Sep-09-2021 20:36:29: 	Starting server at port 5k
info: Sep-09-2021 20:36:29: 	connected to database
info: Sep-09-2021 20:37:22: 	Starting server at port 5k
info: Sep-09-2021 20:37:22: 	connected to database
info: Sep-09-2021 20:38:21: 	Starting server at port 5k
info: Sep-09-2021 20:38:21: 	connected to database
info: Sep-09-2021 20:41:18: 	Starting server at port 5k
info: Sep-09-2021 20:41:18: 	connected to database
info: Sep-09-2021 20:44:17: 	Starting server at port 5k
info: Sep-09-2021 20:44:17: 	connected to database
info: Sep-09-2021 21:22:11: 	Starting server at port 5k
info: Sep-09-2021 21:22:11: 	connected to database
info: Sep-09-2021 21:22:28: 	Starting server at port 5k
info: Sep-09-2021 21:22:28: 	connected to database
info: Sep-09-2021 21:23:56: 	Starting server at port 5k
info: Sep-09-2021 21:23:56: 	connected to database
info: Sep-09-2021 21:42:06: 	Starting server at port 5k
info: Sep-09-2021 21:42:06: 	connected to database
info: Sep-09-2021 21:44:49: 	Starting server at port 5k
info: Sep-09-2021 21:44:49: 	connected to database
info: Sep-09-2021 21:47:30: 	Starting server at port 5k
info: Sep-09-2021 21:47:30: 	connected to database
info: Sep-09-2021 21:50:32: 	Starting server at port 5k
info: Sep-09-2021 21:50:32: 	connected to database
info: Sep-09-2021 21:51:36: 	Starting server at port 5k
info: Sep-09-2021 21:51:36: 	connected to database
info: Sep-09-2021 23:02:27: 	Starting server at port 5k
info: Sep-09-2021 23:02:27: 	connected to database
info: Sep-09-2021 23:02:33: 	Starting server at port 5k
info: Sep-09-2021 23:02:33: 	connected to database
info: Sep-09-2021 23:08:38: 	Starting server at port 5k
info: Sep-09-2021 23:08:38: 	connected to database
info: Sep-09-2021 23:09:02: 	Starting server at port 5k
info: Sep-09-2021 23:09:02: 	connected to database
info: Sep-09-2021 23:09:26: 	Starting server at port 5k
info: Sep-09-2021 23:09:26: 	connected to database
info: Sep-09-2021 23:13:49: 	Starting server at port 5k
info: Sep-09-2021 23:13:49: 	connected to database
info: Sep-09-2021 23:15:56: 	Starting server at port 5k
info: Sep-09-2021 23:15:56: 	connected to database
info: Sep-09-2021 23:29:57: 	Starting server at port 5k
info: Sep-09-2021 23:29:57: 	connected to database
info: Sep-09-2021 23:30:20: 	Starting server at port 5k
info: Sep-09-2021 23:30:20: 	connected to database
info: Sep-09-2021 23:32:08: 	Starting server at port 5k
info: Sep-09-2021 23:32:08: 	connected to database
info: Sep-09-2021 23:32:28: 	Starting server at port 5k
info: Sep-09-2021 23:32:28: 	connected to database
info: Sep-09-2021 23:32:45: 	Starting server at port 5k
info: Sep-09-2021 23:32:45: 	connected to database
info: Sep-09-2021 23:33:11: 	Starting server at port 5k
info: Sep-09-2021 23:33:11: 	connected to database
info: Sep-09-2021 23:35:28: 	Starting server at port 5k
info: Sep-09-2021 23:35:28: 	connected to database
info: Sep-09-2021 23:41:50: 	login succeed
info: Sep-09-2021 23:43:06: 	Starting server at port 5k
info: Sep-09-2021 23:43:06: 	connected to database
info: Sep-09-2021 23:43:52: 	Starting server at port 5k
info: Sep-09-2021 23:43:53: 	connected to database
info: Sep-09-2021 23:44:17: 	login succeed
info: Sep-09-2021 23:44:57: 	Starting server at port 5k
info: Sep-09-2021 23:44:57: 	connected to database
info: Sep-09-2021 23:45:24: 	Starting server at port 5k
info: Sep-09-2021 23:45:24: 	connected to database
info: Sep-09-2021 23:45:37: 	Starting server at port 5k
info: Sep-09-2021 23:45:37: 	connected to database
info: Sep-09-2021 23:46:32: 	login succeed
info: Sep-09-2021 23:47:26: 	Login failed
error: Sep-09-2021 23:47:27: 	Cannot set headers after they are sent to the client
info: Sep-09-2021 23:48:39: 	Starting server at port 5k
info: Sep-09-2021 23:48:39: 	connected to database
info: Sep-09-2021 23:49:12: 	Login failed
error: Sep-09-2021 23:49:12: 	Cannot set headers after they are sent to the client
info: Sep-09-2021 23:51:03: 	Starting server at port 5k
info: Sep-09-2021 23:51:03: 	connected to database
info: Sep-09-2021 23:53:17: 	Starting server at port 5k
info: Sep-09-2021 23:53:17: 	connected to database
info: Sep-09-2021 23:55:21: 	Login failed
error: Sep-09-2021 23:55:21: 	Cannot set headers after they are sent to the client
info: Sep-09-2021 23:57:10: 	login succeed
info: Sep-10-2021 00:04:48: 	Login failed
error: Sep-10-2021 00:04:48: 	Cannot set headers after they are sent to the client
info: Sep-10-2021 00:14:32: 	Starting server at port 5k
info: Sep-10-2021 00:14:32: 	connected to database
info: Sep-10-2021 00:26:53: 	Starting server at port 5k
info: Sep-10-2021 00:26:53: 	connected to database
info: Sep-10-2021 00:31:04: 	Starting server at port 5k
info: Sep-10-2021 00:31:05: 	connected to database
info: Sep-10-2021 00:32:32: 	login succeed
info: Sep-10-2021 23:27:02: 	Starting server at port 5k
info: Sep-10-2021 23:27:02: 	connected to database
info: Sep-10-2021 23:38:37: 	Starting server at port 5k
info: Sep-10-2021 23:38:37: 	connected to database
info: Sep-10-2021 23:39:38: 	login succeed
info: Sep-10-2021 23:40:29: 	Starting server at port 5k
info: Sep-10-2021 23:40:30: 	connected to database
info: Sep-10-2021 23:41:17: 	Starting server at port 5k
info: Sep-10-2021 23:41:18: 	connected to database
info: Sep-10-2021 23:42:31: 	Starting server at port 5k
info: Sep-10-2021 23:42:31: 	connected to database
info: Sep-10-2021 23:42:58: 	Starting server at port 5k
info: Sep-10-2021 23:42:58: 	connected to database
info: Sep-11-2021 00:13:51: 	Starting server at port 5k
info: Sep-11-2021 00:13:51: 	connected to database
info: Sep-11-2021 00:17:29: 	Starting server at port 5k
info: Sep-11-2021 00:17:29: 	connected to database
info: Sep-11-2021 00:18:02: 	Starting server at port 5k
info: Sep-11-2021 00:18:02: 	connected to database
info: Sep-11-2021 00:26:52: 	Starting server at port 5k
info: Sep-11-2021 00:26:52: 	connected to database
info: Sep-11-2021 00:27:08: 	Starting server at port 5k
info: Sep-11-2021 00:27:08: 	connected to database
info: Sep-11-2021 00:27:42: 	Starting server at port 5k
info: Sep-11-2021 00:27:42: 	connected to database
info: Sep-11-2021 00:28:12: 	Starting server at port 5k
info: Sep-11-2021 00:28:12: 	connected to database
info: Sep-11-2021 00:31:52: 	Starting server at port 5k
info: Sep-11-2021 00:31:52: 	connected to database
info: Sep-11-2021 00:33:13: 	Starting server at port 5k
info: Sep-11-2021 00:33:13: 	connected to database
info: Sep-11-2021 00:33:41: 	Starting server at port 5k
info: Sep-11-2021 00:33:41: 	connected to database
info: Sep-11-2021 00:35:07: 	Starting server at port 5k
info: Sep-11-2021 00:35:07: 	connected to database
info: Sep-11-2021 00:37:58: 	Starting server at port 5k
info: Sep-11-2021 00:37:58: 	connected to database
info: Sep-11-2021 00:39:53: 	Starting server at port 5k
info: Sep-11-2021 00:39:53: 	connected to database
info: Sep-11-2021 00:40:35: 	Starting server at port 5k
info: Sep-11-2021 00:40:35: 	connected to database
info: Sep-11-2021 00:40:55: 	Starting server at port 5k
info: Sep-11-2021 00:40:55: 	connected to database
info: Sep-11-2021 00:41:41: 	Starting server at port 5k
info: Sep-11-2021 00:41:41: 	connected to database
info: Sep-11-2021 00:42:02: 	Starting server at port 5k
info: Sep-11-2021 00:42:02: 	connected to database
info: Sep-11-2021 00:42:34: 	Starting server at port 5k
info: Sep-11-2021 00:42:34: 	connected to database
info: Sep-11-2021 00:43:09: 	Starting server at port 5k
info: Sep-11-2021 00:43:09: 	connected to database
info: Sep-11-2021 00:45:08: 	Starting server at port 5k
info: Sep-11-2021 00:45:08: 	connected to database
info: Sep-11-2021 00:46:06: 	Starting server at port 5k
info: Sep-11-2021 00:46:06: 	connected to database
info: Sep-11-2021 00:47:11: 	Starting server at port 5k
info: Sep-11-2021 00:47:11: 	connected to database
info: Sep-11-2021 00:47:54: 	Starting server at port 5k
info: Sep-11-2021 00:47:54: 	connected to database
info: Sep-11-2021 00:52:38: 	Starting server at port 5k
info: Sep-11-2021 00:52:38: 	connected to database
error: Sep-11-2021 00:52:45: 	Student.find.distinct is not a function
info: Sep-11-2021 00:54:21: 	Starting server at port 5k
info: Sep-11-2021 00:54:21: 	connected to database
error: Sep-11-2021 00:54:25: 	Cast to ObjectId failed for value "0" (type number) at path "_id" for model "Student"
info: Sep-11-2021 00:56:18: 	Starting server at port 5k
info: Sep-11-2021 00:56:18: 	connected to database
info: Sep-11-2021 00:57:06: 	Starting server at port 5k
info: Sep-11-2021 00:57:06: 	connected to database
info: Sep-17-2021 15:09:54: 	Starting server at port 5k
error: Sep-17-2021 15:10:25: 	Error while connecting to database
MongooseServerSelectionError: connect ECONNREFUSED 127.0.0.1:27017
info: Sep-17-2021 15:10:35: 	Starting server at port 5k
info: Sep-17-2021 15:10:35: 	connected to database
info: Sep-17-2021 15:11:07: 	Starting server at port 5k
info: Sep-17-2021 15:11:07: 	connected to database
info: Sep-17-2021 15:15:31: 	Starting server at port 5k
info: Sep-17-2021 15:15:31: 	connected to database
info: Sep-17-2021 15:16:20: 	Starting server at port 5k
info: Sep-17-2021 15:16:20: 	connected to database
info: Sep-17-2021 15:16:43: 	Starting server at port 5k
info: Sep-17-2021 15:16:43: 	connected to database
info: Sep-17-2021 15:19:35: 	Starting server at port 5k
info: Sep-17-2021 15:19:36: 	connected to database
info: Sep-17-2021 15:38:37: 	Starting server at port 5k
info: Sep-17-2021 15:38:37: 	connected to database
info: Sep-17-2021 15:40:57: 	Starting server at port 5k
info: Sep-17-2021 15:40:57: 	connected to database
info: Sep-17-2021 15:41:16: 	Starting server at port 5k
info: Sep-17-2021 15:41:16: 	connected to database
info: Sep-17-2021 15:41:27: 	Starting server at port 5k
info: Sep-17-2021 15:41:27: 	connected to database
info: Sep-17-2021 15:43:38: 	Starting server at port 5k
info: Sep-17-2021 15:43:38: 	connected to database
info: Sep-17-2021 15:44:07: 	Starting server at port 5k
info: Sep-17-2021 15:44:07: 	connected to database
info: Sep-17-2021 15:44:58: 	Starting server at port 5k
info: Sep-17-2021 15:44:58: 	connected to database
info: Sep-17-2021 15:45:10: 	Starting server at port 5k
info: Sep-17-2021 15:45:10: 	connected to database
info: Sep-17-2021 15:45:11: 	Starting server at port 5k
info: Sep-17-2021 15:45:12: 	connected to database
info: Sep-17-2021 15:50:15: 	Starting server at port 5k
info: Sep-17-2021 15:50:15: 	connected to database
info: Sep-17-2021 15:50:50: 	Starting server at port 5k
info: Sep-17-2021 15:50:50: 	connected to database
info: Sep-17-2021 15:51:21: 	Starting server at port 5k
info: Sep-17-2021 15:51:21: 	connected to database
info: Sep-17-2021 15:51:22: 	Starting server at port 5k
info: Sep-17-2021 15:51:22: 	connected to database
info: Sep-17-2021 22:45:46: 	Starting server at port 5k
info: Sep-17-2021 22:45:46: 	connected to database
info: Sep-18-2021 10:00:32: 	Starting server at port 5k
info: Sep-18-2021 10:00:32: 	connected to database
info: Sep-18-2021 10:31:48: 	login succeed
info: Sep-18-2021 10:36:21: 	login succeed
error: Sep-18-2021 10:38:43: 	Cannot read property 'email' of undefined
error: Sep-18-2021 10:48:54: 	Cannot read property 'email' of undefined
info: Sep-18-2021 10:49:14: 	login succeed
error: Sep-18-2021 10:52:14: 	Cannot read property 'email' of undefined
error: Sep-18-2021 10:57:30: 	Cannot read property 'email' of undefined
error: Sep-18-2021 10:59:57: 	Cannot read property 'email' of undefined
info: Sep-18-2021 11:05:43: 	Starting server at port 5k
info: Sep-18-2021 11:05:43: 	connected to database
error: Sep-18-2021 11:06:02: 	FieldPath field names may not start with '$'.
error: Sep-18-2021 11:06:43: 	FieldPath field names may not start with '$'.
info: Sep-18-2021 11:07:06: 	Starting server at port 5k
info: Sep-18-2021 11:07:06: 	connected to database
error: Sep-18-2021 11:07:08: 	Unknown expression $exists
info: Sep-18-2021 11:08:11: 	Starting server at port 5k
info: Sep-18-2021 11:08:11: 	connected to database
info: Sep-18-2021 11:10:37: 	Starting server at port 5k
info: Sep-18-2021 11:10:37: 	connected to database
error: Sep-18-2021 11:11:00: 	unknown top level operator: $not
info: Sep-18-2021 11:12:06: 	Starting server at port 5k
info: Sep-18-2021 11:12:06: 	connected to database
info: Sep-18-2021 11:12:20: 	Starting server at port 5k
info: Sep-18-2021 11:12:20: 	connected to database
info: Sep-18-2021 11:12:46: 	Starting server at port 5k
info: Sep-18-2021 11:12:46: 	connected to database
error: Sep-18-2021 11:12:47: 	unknown top level operator: $ne
info: Sep-18-2021 11:13:13: 	Starting server at port 5k
info: Sep-18-2021 11:13:13: 	connected to database
info: Sep-18-2021 11:15:13: 	Starting server at port 5k
info: Sep-18-2021 11:15:13: 	connected to database
error: Sep-18-2021 11:16:14: 	conditional $and requires an array
info: Sep-18-2021 11:16:48: 	Starting server at port 5k
info: Sep-18-2021 11:16:48: 	connected to database
info: Sep-18-2021 11:17:26: 	Starting server at port 5k
info: Sep-18-2021 11:17:26: 	connected to database
info: Sep-18-2021 11:20:00: 	Starting server at port 5k
info: Sep-18-2021 11:20:00: 	connected to database
info: Sep-18-2021 11:21:45: 	Starting server at port 5k
info: Sep-18-2021 11:21:45: 	connected to database
error: Sep-18-2021 11:22:16: 	The expression evaluated to a falsy value:

  assert.ok(!isNaN(val))

error: Sep-18-2021 11:23:46: 	The expression evaluated to a falsy value:

  assert.ok(!isNaN(val))

info: Sep-18-2021 11:24:51: 	Starting server at port 5k
info: Sep-18-2021 11:24:51: 	connected to database
info: Sep-18-2021 11:26:12: 	Starting server at port 5k
info: Sep-18-2021 11:26:12: 	connected to database
info: Sep-18-2021 11:26:14: 	Starting server at port 5k
info: Sep-18-2021 11:26:14: 	connected to database
info: Sep-18-2021 11:35:11: 	Starting server at port 5k
info: Sep-18-2021 11:35:11: 	connected to database
info: Sep-18-2021 11:35:14: 	login succeed
info: Sep-18-2021 11:35:49: 	Starting server at port 5k
info: Sep-18-2021 11:35:49: 	connected to database
info: Sep-18-2021 11:37:17: 	Starting server at port 5k
info: Sep-18-2021 11:37:18: 	connected to database
info: Sep-18-2021 11:37:18: 	Starting server at port 5k
info: Sep-18-2021 11:37:19: 	connected to database
info: Sep-18-2021 11:37:39: 	Starting server at port 5k
info: Sep-18-2021 11:37:39: 	connected to database
info: Sep-18-2021 11:37:52: 	Starting server at port 5k
info: Sep-18-2021 11:37:52: 	connected to database
info: Sep-18-2021 11:38:06: 	Starting server at port 5k
info: Sep-18-2021 11:38:06: 	connected to database
info: Sep-18-2021 11:38:55: 	Starting server at port 5k
info: Sep-18-2021 11:38:55: 	connected to database
info: Sep-18-2021 11:39:16: 	Starting server at port 5k
info: Sep-18-2021 11:39:16: 	connected to database
info: Sep-18-2021 11:42:13: 	Starting server at port 5k
info: Sep-18-2021 11:42:13: 	connected to database
info: Sep-18-2021 11:42:24: 	Starting server at port 5k
info: Sep-18-2021 11:42:24: 	connected to database
error: Sep-18-2021 11:42:29: 	The expression evaluated to a falsy value:

  assert.ok(!isNaN(val))

info: Sep-18-2021 11:42:42: 	Starting server at port 5k
info: Sep-18-2021 11:42:42: 	connected to database
info: Sep-18-2021 11:47:05: 	Starting server at port 5k
info: Sep-18-2021 11:47:05: 	connected to database
info: Sep-18-2021 11:47:56: 	Starting server at port 5k
info: Sep-18-2021 11:47:56: 	connected to database
info: Sep-18-2021 11:50:17: 	Starting server at port 5k
info: Sep-18-2021 11:50:17: 	connected to database
info: Sep-18-2021 11:50:48: 	Starting server at port 5k
info: Sep-18-2021 11:50:48: 	connected to database
info: Sep-18-2021 11:50:51: 	Starting server at port 5k
info: Sep-18-2021 11:50:51: 	connected to database
error: Sep-18-2021 11:50:55: 	tEmail is not defined
info: Sep-18-2021 11:51:02: 	Starting server at port 5k
info: Sep-18-2021 11:51:02: 	connected to database
error: Sep-18-2021 11:51:03: 	Mongoose 5.x disallows passing a spread of operators to `Model.aggregate()`. Instead of `Model.aggregate({ $match }, { $skip })`, do `Model.aggregate([{ $match }, { $skip }])`
info: Sep-18-2021 11:51:34: 	Starting server at port 5k
info: Sep-18-2021 11:51:34: 	connected to database
info: Sep-18-2021 11:51:36: 	Starting server at port 5k
info: Sep-18-2021 11:51:36: 	connected to database
error: Sep-18-2021 11:51:36: 	Arguments must be aggregate pipeline operators
info: Sep-18-2021 11:51:57: 	Starting server at port 5k
info: Sep-18-2021 11:51:57: 	connected to database
info: Sep-18-2021 11:52:03: 	Starting server at port 5k
info: Sep-18-2021 11:52:03: 	connected to database
error: Sep-18-2021 11:52:03: 	Mongoose 5.x disallows passing a spread of operators to `Model.aggregate()`. Instead of `Model.aggregate({ $match }, { $skip })`, do `Model.aggregate([{ $match }, { $skip }])`
info: Sep-18-2021 11:52:31: 	Starting server at port 5k
info: Sep-18-2021 11:52:31: 	connected to database
info: Sep-18-2021 11:53:34: 	Starting server at port 5k
info: Sep-18-2021 11:53:34: 	connected to database
info: Sep-18-2021 11:55:10: 	Starting server at port 5k
info: Sep-18-2021 11:55:10: 	connected to database
info: Sep-18-2021 11:57:11: 	Starting server at port 5k
info: Sep-18-2021 11:57:11: 	connected to database
info: Sep-18-2021 11:58:24: 	Starting server at port 5k
info: Sep-18-2021 11:58:24: 	connected to database
info: Sep-18-2021 12:00:23: 	Starting server at port 5k
info: Sep-18-2021 12:00:23: 	connected to database
info: Sep-18-2021 12:01:22: 	Starting server at port 5k
info: Sep-18-2021 12:01:22: 	connected to database
info: Sep-18-2021 12:05:12: 	Starting server at port 5k
info: Sep-18-2021 12:05:12: 	connected to database
info: Sep-18-2021 12:06:39: 	Starting server at port 5k
info: Sep-18-2021 12:06:39: 	connected to database
info: Sep-18-2021 12:07:52: 	Starting server at port 5k
info: Sep-18-2021 12:07:52: 	connected to database
info: Sep-18-2021 12:08:06: 	Starting server at port 5k
info: Sep-18-2021 12:08:06: 	connected to database
info: Sep-18-2021 12:09:06: 	Starting server at port 5k
info: Sep-18-2021 12:09:06: 	connected to database
error: Sep-18-2021 12:09:38: 	Cannot read property 'tEmail' of null
info: Sep-18-2021 12:10:08: 	Starting server at port 5k
info: Sep-18-2021 12:10:08: 	connected to database
error: Sep-18-2021 12:10:11: 	Cannot read property 'tEmail' of null
info: Sep-18-2021 12:10:41: 	Starting server at port 5k
info: Sep-18-2021 12:10:41: 	connected to database
info: Sep-18-2021 12:14:13: 	Starting server at port 5k
info: Sep-18-2021 12:14:13: 	connected to database
info: Sep-18-2021 12:15:47: 	Starting server at port 5k
info: Sep-18-2021 12:15:47: 	connected to database
info: Sep-18-2021 12:17:38: 	Starting server at port 5k
info: Sep-18-2021 12:17:38: 	connected to database
